<?xml version="1.0" encoding="UTF-8"?>
<testng-results ignored="0" total="2" passed="2" failed="0" skipped="0">
  <reporter-output>
  </reporter-output>
  <suite started-at="2022-04-07T07:49:35 IST" name="Suite" finished-at="2022-04-07T07:49:35 IST" duration-ms="110">
    <groups>
    </groups>
    <test started-at="2022-04-07T07:49:35 IST" name="Test" finished-at="2022-04-07T07:49:35 IST" duration-ms="110">
      <class name="com.testng.Parallel_Testing">
        <test-method signature="Browser_launch()[pri:0, instance:com.testng.Parallel_Testing@5d0a1059]" started-at="2022-04-07T07:49:35 IST" name="Browser_launch" finished-at="2022-04-07T07:49:35 IST" duration-ms="17" status="PASS">
          <reporter-output>
          </reporter-output>
        </test-method> <!-- Browser_launch -->
        <test-method signature="url()[pri:0, instance:com.testng.Parallel_Testing@5d0a1059]" started-at="2022-04-07T07:49:35 IST" name="url" finished-at="2022-04-07T07:49:35 IST" duration-ms="17" status="PASS">
          <reporter-output>
          </reporter-output>
        </test-method> <!-- url -->
      </class> <!-- com.testng.Parallel_Testing -->
    </test> <!-- Test -->
  </suite> <!-- Suite -->
</testng-results>
